hlcsg v2.5.3 rel Custom Build 1.7 (Dec  9 2002)
Zoner's Half-Life Compilation Tools -- Custom Build
Based on code modifications by Sean 'Zoner' Cavanaugh
Based on Valve's version, modified with permission.
Submit detailed bug reports to (merlinis@bigpond.net.au)
-----  BEGIN  hlcsg -----
Command line: C:\PROGRA~1\VALVEH~1\down\ZHLT25~1\hlcsg.exe "c:\documents and settings\seky\plocha\project cs_priekopa\juj\cs_priekopa3"
Entering c:\documents and settings\seky\plocha\project cs_priekopa\juj\cs_priekopa3.map

Current hlcsg Settings
Name                 |  Setting  |  Default
---------------------|-----------|-------------------------
threads               [       2 ] [  Varies ]
verbose               [     off ] [     off ]
log                   [      on ] [      on ]
developer             [       0 ] [       0 ]
chart                 [     off ] [     off ]
estimate              [     off ] [     off ]
max texture memory    [ 4194304 ] [ 4194304 ]
priority              [  Normal ] [  Normal ]

noclip                [     off ] [     off ]
null texture stripping[      on ] [      on ]
clipnode economy mode [      on ] [      on ]
onlyents              [     off ] [     off ]
wadtextures           [      on ] [      on ]
skyclip               [      on ] [      on ]
hullfile              [    None ] [    None ]
min surface area      [   0.500 ] [   0.500 ]
brush union threshold [   0.000 ] [   0.000 ]

Using mapfile wad configuration
Wadinclude list :
[zhlt.wad]

21 brushes (totalling 130 sides) discarded from clipping hulls
CreateBrush:
 (1.94 seconds)
SetModelCenters:
 (0.00 seconds)
CSGBrush:
 (2.02 seconds)

Using Wadfile: \hry\cs\counter-strike 1.6\cstrike\cs_747.wad
 - Contains 8 used textures, 4.97 percent of map (143 textures in wad)
Using Wadfile: \hry\cs\counter-strike 1.6\cstrike\cs_cbble.wad
 - Contains 0 used textures, 0.00 percent of map (61 textures in wad)
Using Wadfile: \hry\cs\counter-strike 1.6\cstrike\cs_assault.wad
 - Contains 0 used textures, 0.00 percent of map (22 textures in wad)
Using Wadfile: \hry\cs\counter-strike 1.6\cstrike\cs_bdog.wad
 - Contains 4 used textures, 2.48 percent of map (132 textures in wad)
Using Wadfile: \hry\cs\counter-strike 1.6\cstrike\cs_dust.wad
 - Contains 2 used textures, 1.24 percent of map (28 textures in wad)
Using Wadfile: \hry\cs\counter-strike 1.6\cstrike\cs_havana.wad
 - Contains 3 used textures, 1.86 percent of map (122 textures in wad)
Using Wadfile: \hry\cs\counter-strike 1.6\cstrike\cs_office.wad
 - Contains 1 used texture, 0.62 percent of map (102 textures in wad)
Using Wadfile: \hry\cs\counter-strike 1.6\cstrike\cs_thunder.wad
 - Contains 0 used textures, 0.00 percent of map (29 textures in wad)
Using Wadfile: \hry\cs\counter-strike 1.6\cstrike\cstrike.wad
 - Contains 0 used textures, 0.00 percent of map (123 textures in wad)
Using Wadfile: \hry\cs\counter-strike 1.6\cstrike\de_vertigo.wad
 - Contains 0 used textures, 0.00 percent of map (19 textures in wad)
Using Wadfile: \hry\cs\counter-strike 1.6\cstrike\de_airstrip.wad
 - Contains 1 used texture, 0.62 percent of map (69 textures in wad)
Using Wadfile: \hry\cs\counter-strike 1.6\cstrike\de_aztec.wad
 - Warning: Larger than expected texture (348972 bytes): 'SPECIAL_THANKS'
 - Warning: Larger than expected texture (348972 bytes): 'THANKS'
 - Contains 1 used texture, 0.62 percent of map (24 textures in wad)
Using Wadfile: \hry\cs\counter-strike 1.6\cstrike\de_piranesi.wad
 - Contains 2 used textures, 1.24 percent of map (160 textures in wad)
Using Wadfile: \hry\cs\counter-strike 1.6\cstrike\de_storm.wad
 - Contains 5 used textures, 3.11 percent of map (74 textures in wad)
Using Wadfile: \hry\cs\counter-strike 1.6\cstrike\de_vegas.wad
 - Contains 3 used textures, 1.86 percent of map (101 textures in wad)
Using Wadfile: \hry\cs\counter-strike 1.6\cstrike\fy_pool_evening.wad
 - Contains 5 used textures, 3.11 percent of map (35 textures in wad)
Using Wadfile: \hry\cs\counter-strike 1.6\cstrike\torntextures.wad
 - Warning: Larger than expected texture (240172 bytes): 'TK_STONEWALLHI'
 - Warning: Larger than expected texture (306812 bytes): 'TK_CLAYROOF'
 - Warning: Larger than expected texture (272812 bytes): '{TK_PLANTLG'
 - Warning: Larger than expected texture (327212 bytes): '{TK_PLANTSM'
 - Warning: Larger than expected texture (235412 bytes): 'TK_TORNMAP'
 - Contains 6 used textures, 3.73 percent of map (162 textures in wad)
Using Wadfile: \hry\cs\counter-strike 1.6\cstrike\prodigy.wad
 - Contains 0 used textures, 0.00 percent of map (2 textures in wad)
Using Wadfile: \hry\cs\counter-strike 1.6\valve\halflife.wad
 - Contains 90 used textures, 55.90 percent of map (3116 textures in wad)

Warning: More than 8 wadfiles are in use. (19)
This may be harmless, and if no strange side effects are occurring, then
it can safely be ignored. However, if your map starts exhibiting strange
or obscure errors, consider this as suspect.


added 6 additional animating textures.
Warning: ::FindTexture() texture -0ROCKCOBBLEST not found!
Warning: ::FindTexture() texture FLCARPET not found!
Warning: ::FindTexture() texture PANELWOOD not found!
Warning: ::FindTexture() texture WOODGRAIN not found!
Warning: ::FindTexture() texture WDNDRAWERS not found!
Warning: ::FindTexture() texture TVSIDE not found!
Warning: ::FindTexture() texture STOPSIGNMETAL not found!
Warning: ::FindTexture() texture ROADWORKAHEAD not found!
Warning: ::FindTexture() texture PLEXPOSTER not found!
Warning: ::FindTexture() texture PLEXPOSTER2 not found!
Warning: ::FindTexture() texture SHEEPKING not found!
Warning: ::FindTexture() texture SPRINGFIELDBILL not found!
Warning: ::FindTexture() texture CXMOATA not found!
Warning: ::FindTexture() texture ASPHALT not found!
Warning: ::FindTexture() texture CRFLOOR1 not found!
Warning: ::FindTexture() texture DRKWOOD not found!
Warning: ::FindTexture() texture -0CLAYROOF not found!
Warning: ::FindTexture() texture BURNSDOOR not found!
Warning: ::FindTexture() texture CHESTDRAWERS not found!
Warning: ::FindTexture() texture -3ROSEWOOD not found!
Warning: ::FindTexture() texture 9 not found!
Warning: ::FindTexture() texture 6 not found!
Warning: ::FindTexture() texture 1 not found!
Warning: ::FindTexture() texture 10 not found!
Warning: ::FindTexture() texture 12 not found!
Warning: ::FindTexture() texture 11 not found!
Warning: ::FindTexture() texture 13 not found!
Warning: ::FindTexture() texture 5 not found!
Warning: ::FindTexture() texture 2 not found!
Warning: ::FindTexture() texture CXCNSTRCTWOODA not found!
Warning: ::LoadLump() texture -0CLAYROOF not found!
Warning: ::LoadLump() texture -0ROCKCOBBLEST not found!
Warning: ::LoadLump() texture -3ROSEWOOD not found!
Warning: ::LoadLump() texture 1 not found!
Warning: ::LoadLump() texture 10 not found!
Warning: ::LoadLump() texture 11 not found!
Warning: ::LoadLump() texture 12 not found!
Warning: ::LoadLump() texture 13 not found!
Warning: ::LoadLump() texture 2 not found!
Warning: ::LoadLump() texture 5 not found!
Warning: ::LoadLump() texture 6 not found!
Warning: ::LoadLump() texture 9 not found!
Warning: ::LoadLump() texture ASPHALT not found!
Warning: ::LoadLump() texture BURNSDOOR not found!
Warning: ::LoadLump() texture CHESTDRAWERS not found!
Warning: ::LoadLump() texture CRFLOOR1 not found!
Warning: ::LoadLump() texture CXCNSTRCTWOODA not found!
Warning: ::LoadLump() texture CXMOATA not found!
Warning: ::LoadLump() texture DRKWOOD not found!
Warning: ::LoadLump() texture FLCARPET not found!
Warning: ::LoadLump() texture PANELWOOD not found!
Warning: ::LoadLump() texture PLEXPOSTER not found!
Warning: ::LoadLump() texture PLEXPOSTER2 not found!
Warning: ::LoadLump() texture ROADWORKAHEAD not found!
Warning: ::LoadLump() texture SHEEPKING not found!
Warning: ::LoadLump() texture SPRINGFIELDBILL not found!
Warning: ::LoadLump() texture STOPSIGNMETAL not found!
Warning: ::LoadLump() texture TVSIDE not found!
Warning: ::LoadLump() texture WDNDRAWERS not found!
Warning: ::LoadLump() texture WOODGRAIN not found!
Texture usage is at 2.60 mb (of 4.00 mb MAX)
6.02 seconds elapsed

-----   END   hlcsg -----



hlbsp v2.5.3 rel Custom Build 1.7 (Dec  9 2002)
Zoner's Half-Life Compilation Tools -- Custom Build
Based on code modifications by Sean 'Zoner' Cavanaugh
Based on Valve's version, modified with permission.
Submit detailed bug reports to (merlinis@bigpond.net.au)
-----  BEGIN  hlbsp -----
Command line: C:\PROGRA~1\VALVEH~1\down\ZHLT25~1\hlbsp.exe "c:\documents and settings\seky\plocha\project cs_priekopa\juj\cs_priekopa3"

Current hlbsp Settings
Name               |  Setting  |  Default
-------------------|-----------|-------------------------
threads             [       2 ] [  Varies ]
verbose             [     off ] [     off ]
log                 [      on ] [      on ]
developer           [       0 ] [       0 ]
chart               [     off ] [     off ]
estimate            [     off ] [     off ]
max texture memory  [ 4194304 ] [ 4194304 ]
priority            [  Normal ] [  Normal ]

noclip              [     off ] [     off ]
nofill              [     off ] [     off ]
null tex. stripping [      on ] [      on ]
notjunc             [     off ] [     off ]
subdivide size      [     240 ] [     240 ] (Min 64) (Max 512)
max node size       [    1024 ] [    1024 ] (Min 64) (Max 4096)


BSP generation successful, writing portal file 'c:\documents and settings\seky\plocha\project cs_priekopa\juj\cs_priekopa3.prt'
4.31 seconds elapsed

-----   END   hlbsp -----



hlvis v2.5.3 rel Custom Build 1.7 (Dec  9 2002)
Zoner's Half-Life Compilation Tools -- Custom Build
Based on code modifications by Sean 'Zoner' Cavanaugh
Based on Valve's version, modified with permission.
Submit detailed bug reports to (merlinis@bigpond.net.au)
-----  BEGIN  hlvis -----
Command line: C:\PROGRA~1\VALVEH~1\down\ZHLT25~1\hlvis.exe "c:\documents and settings\seky\plocha\project cs_priekopa\juj\cs_priekopa3"
1327 portalleafs
4384 numportals

-= Current hlvis Settings =-
Name               |  Setting  |  Default
-------------------|-----------|-------------------------
threads             [       2 ] [  Varies ]
verbose             [     off ] [     off ]
log                 [      on ] [      on ]
developer           [       0 ] [       0 ]
chart               [     off ] [     off ]
estimate            [     off ] [     off ]
max texture memory  [ 4194304 ] [ 4194304 ]
max vis distance    [       0 ] [       0 ]
priority            [  Normal ] [  Normal ]

fast vis            [     off ] [     off ]
full vis            [     off ] [     off ]


BasePortalVis:
 (2.41 seconds)
LeafThread:
 (165.52 seconds)
Warning: Leaf portals saw into leaf
    Problem at portal between leaves 507 and 940:
       (1119.000 527.988 -26.000)
    (1119.018 528.000 -26.013)
    (1173.000 528.000 -64.469)
    (1173.000 368.000 -64.469)
    (1119.000 368.000 -26.000)

average leafs visible: 228
g_visdatasize:93599  compressed from 220282
168.06 seconds elapsed [2m 48s]

-----   END   hlvis -----



hlrad v2.5.3 rel Custom Build 1.7 (Dec  9 2002)
Zoner's Half-Life Compilation Tools -- Custom Build
Based on code modifications by Sean 'Zoner' Cavanaugh
Based on Valve's version, modified with permission.
Submit detailed bug reports to (merlinis@bigpond.net.au)
-----  BEGIN  hlrad -----
Command line: C:\PROGRA~1\VALVEH~1\down\ZHLT25~1\hlrad.exe "c:\documents and settings\seky\plocha\project cs_priekopa\juj\cs_priekopa3"

-= Current hlrad Settings =-
Name                | Setting             | Default
--------------------|---------------------|-------------------------
threads              [                 2 ] [            Varies ]
verbose              [               off ] [               off ]
log                  [                on ] [                on ]
developer            [                 0 ] [                 0 ]
chart                [               off ] [               off ]
estimate             [               off ] [               off ]
max texture memory   [           4194304 ] [           4194304 ]
priority             [            Normal ] [            Normal ]

vismatrix algorithm  [          Original ] [          Original ]
oversampling (-extra)[               off ] [               off ]
bounces              [                 1 ] [                 1 ]
ambient light        [ 0.000 0.000 0.000 ] [ 0.000 0.000 0.000 ]
maximum light        [           255.000 ] [           256.000 ]
circus mode          [               off ] [               off ]

smoothing threshold  [            50.000 ] [            50.000 ]
direct threshold     [            25.000 ] [            25.000 ]
direct light scale   [             2.000 ] [             2.000 ]
coring threshold     [             1.000 ] [             1.000 ]
patch interpolation  [                on ] [                on ]

texscale             [                on ] [                on ]
patch subdividing    [                on ] [                on ]
chop value           [            64.000 ] [            64.000 ]
texchop value        [            32.000 ] [            32.000 ]

global fade          [             1.000 ] [             1.000 ]
global falloff       [                 2 ] [                 2 ]
global light scale   [ 1.000 1.000 1.000 ] [ 1.000 1.000 1.000 ]
global gamma         [ 0.500 0.500 0.500 ] [ 0.500 0.500 0.500 ]
global light scale   [             1.000 ] [             1.000 ]
global sky diffusion [             1.000 ] [             1.000 ]

opaque entities      [                on ] [                on ]
sky lighting fix     [                on ] [                on ]
incremental          [               off ] [               off ]
dump                 [               off ] [               off ]

colour jitter        [       0.0 0.0 0.0 ] [       0.0 0.0 0.0 ]
monochromatic jitter [       0.0 0.0 0.0 ] [       0.0 0.0 0.0 ]
softlight hack       [   0.0 0.0 0.0 0.0 ] [   0.0 0.0 0.0 0.0 ]
diffuse hack         [                on ] [                on ]
spotlight points     [                on ] [                on ]

custom shadows with bounce light
                     [               off ] [               off ]
rgb transfers        [               off ] [               off ]


8566 faces
Create Patches : 29315 base patches
0 opaque faces
161394 square feet [23240808.00 square inches]
15 direct lights

BuildFacelights:
 (45.56 seconds)
visibility matrix   :  51.2 megs
BuildVisLeafs:
 (50.42 seconds)
MakeScales:
 (21.28 seconds)
SwapTransfers:
 (2.59 seconds)
Transfer Lists :    18884898 :   18.88M transfers
       Indices :    11876312 :   11.33M bytes
          Data :    75539592 :   72.04M bytes
GatherLight:
 (1.39 seconds)
FinalLightFace:
 (2.77 seconds)
125.39 seconds elapsed [2m 5s]

-----   END   hlrad -----



