hlcsg v2.5.3 rel Custom Build 1.7 (Dec  9 2002)
Zoner's Half-Life Compilation Tools -- Custom Build
Based on code modifications by Sean 'Zoner' Cavanaugh
Based on Valve's version, modified with permission.
Submit detailed bug reports to (merlinis@bigpond.net.au)
-----  BEGIN  hlcsg -----
Command line: C:\DOCUME~1\Sekys\Plocha\Cahe\HAMMER~1\hlcsg.exe "c:\documents and settings\sekys\plocha\prefabs\energy_portal"
Entering c:\documents and settings\sekys\plocha\prefabs\energy_portal.map

Current hlcsg Settings
Name                 |  Setting  |  Default
---------------------|-----------|-------------------------
threads               [       1 ] [  Varies ]
verbose               [     off ] [     off ]
log                   [      on ] [      on ]
developer             [       0 ] [       0 ]
chart                 [     off ] [     off ]
estimate              [     off ] [     off ]
max texture memory    [ 4194304 ] [ 4194304 ]
priority              [  Normal ] [  Normal ]

noclip                [     off ] [     off ]
null texture stripping[      on ] [      on ]
clipnode economy mode [      on ] [      on ]
onlyents              [     off ] [     off ]
wadtextures           [      on ] [      on ]
skyclip               [      on ] [      on ]
hullfile              [    None ] [    None ]
min surface area      [   0.500 ] [   0.500 ]
brush union threshold [   0.000 ] [   0.000 ]

Using mapfile wad configuration
Wadinclude list :
[zhlt.wad]

0 brushes (totalling 0 sides) discarded from clipping hulls
CreateBrush:
 (0.09 seconds)
SetModelCenters:
 (0.00 seconds)
CSGBrush:
 (0.41 seconds)

Using Wadfile: \program files\valve\cstrike\cs_747.wad
 - Contains 1 used texture, 16.67 percent of map (143 textures in wad)
Using Wadfile: \program files\valve\cstrike\cs_assault.wad
 - Contains 0 used textures, 0.00 percent of map (22 textures in wad)
Using Wadfile: \program files\valve\cstrike\0soup0_simpsons.wad
 - Warning: Larger than expected texture (251052 bytes): 'CAR'
 - Warning: Larger than expected texture (270092 bytes): '{BURNSWINDOW'
 - Warning: Larger than expected texture (348972 bytes): 'NUKEOUTSIDE'
 - Warning: Larger than expected texture (348972 bytes): 'TRAILER'
 - Warning: Larger than expected texture (261932 bytes): '{PLEXFLASH'
 - Warning: Larger than expected texture (196652 bytes): 'COMICSTORE'
 - Warning: Larger than expected texture (261932 bytes): '{RADIO'
 - Contains 0 used textures, 0.00 percent of map (110 textures in wad)
Using Wadfile: \program files\valve\cstrike\actcity2.wad
 - Contains 0 used textures, 0.00 percent of map (41 textures in wad)
Using Wadfile: \program files\valve\cstrike\cs_office.wad
 - Contains 0 used textures, 0.00 percent of map (102 textures in wad)
Using Wadfile: \program files\valve\cstrike\cs_bdog.wad
 - Contains 0 used textures, 0.00 percent of map (132 textures in wad)
Using Wadfile: \program files\valve\cstrike\cs_cbble.wad
 - Contains 0 used textures, 0.00 percent of map (61 textures in wad)
Using Wadfile: \program files\valve\cstrike\cs_dust.wad
 - Contains 0 used textures, 0.00 percent of map (28 textures in wad)
Using Wadfile: \program files\valve\cstrike\cstrike.wad
 - Contains 0 used textures, 0.00 percent of map (123 textures in wad)
Using Wadfile: \program files\valve\cstrike\de_aztec.wad
 - Warning: Larger than expected texture (348972 bytes): 'SPECIAL_THANKS'
 - Warning: Larger than expected texture (348972 bytes): 'THANKS'
 - Contains 0 used textures, 0.00 percent of map (24 textures in wad)
Using Wadfile: \program files\valve\cstrike\de_piranesi.wad
 - Contains 0 used textures, 0.00 percent of map (160 textures in wad)
Using Wadfile: \program files\valve\cstrike\de_storm.wad
 - Contains 1 used texture, 16.67 percent of map (74 textures in wad)
Using Wadfile: \program files\valve\cstrike\decals.wad
 - Contains 0 used textures, 0.00 percent of map (225 textures in wad)
Using Wadfile: \program files\valve\cstrike\es_trinity.wad
 - Contains 0 used textures, 0.00 percent of map (53 textures in wad)
Using Wadfile: \program files\valve\cstrike\fy_pool_evening.wad
 - Contains 0 used textures, 0.00 percent of map (35 textures in wad)
Using Wadfile: \program files\valve\cstrike\itsitaly.wad
 - Contains 0 used textures, 0.00 percent of map (99 textures in wad)
Using Wadfile: \program files\valve\cstrike\jos.wad
 - Contains 0 used textures, 0.00 percent of map (24 textures in wad)
Using Wadfile: \program files\valve\cstrike\torntextures.wad
 - Warning: Larger than expected texture (240172 bytes): 'TK_STONEWALLHI'
 - Warning: Larger than expected texture (306812 bytes): 'TK_CLAYROOF'
 - Warning: Larger than expected texture (272812 bytes): '{TK_PLANTLG'
 - Warning: Larger than expected texture (327212 bytes): '{TK_PLANTSM'
 - Warning: Larger than expected texture (235412 bytes): 'TK_TORNMAP'
 - Contains 0 used textures, 0.00 percent of map (162 textures in wad)
Using Wadfile: \program files\valve\cstrike\halflife.wad
 - Contains 4 used textures, 66.67 percent of map (3116 textures in wad)
Using Wadfile: \program files\valve\cstrike\cs_havana.wad
 - Contains 0 used textures, 0.00 percent of map (122 textures in wad)
Using Wadfile: \program files\valve\cstrike\de_airstrip.wad
 - Contains 0 used textures, 0.00 percent of map (69 textures in wad)
Using Wadfile: \program files\valve\cstrike\chateau.wad
 - Contains 0 used textures, 0.00 percent of map (136 textures in wad)
Using Wadfile: \program files\valve\cstrike\de_vegas.wad
 - Contains 0 used textures, 0.00 percent of map (101 textures in wad)
Using Wadfile: \program files\valve\cstrike\tswad.wad
 - Contains 0 used textures, 0.00 percent of map (29 textures in wad)

Warning: More than 8 wadfiles are in use. (24)
This may be harmless, and if no strange side effects are occurring, then
it can safely be ignored. However, if your map starts exhibiting strange
or obscure errors, consider this as suspect.


Texture usage is at 0.08 mb (of 4.00 mb MAX)
1.03 seconds elapsed

-----   END   hlcsg -----



hlbsp v2.5.3 rel Custom Build 1.7 (Dec  9 2002)
Zoner's Half-Life Compilation Tools -- Custom Build
Based on code modifications by Sean 'Zoner' Cavanaugh
Based on Valve's version, modified with permission.
Submit detailed bug reports to (merlinis@bigpond.net.au)
-----  BEGIN  hlbsp -----
Command line: C:\DOCUME~1\Sekys\Plocha\Cahe\HAMMER~1\hlbsp.exe "c:\documents and settings\sekys\plocha\prefabs\energy_portal"

Current hlbsp Settings
Name               |  Setting  |  Default
-------------------|-----------|-------------------------
threads             [       1 ] [  Varies ]
verbose             [     off ] [     off ]
log                 [      on ] [      on ]
developer           [       0 ] [       0 ]
chart               [     off ] [     off ]
estimate            [     off ] [     off ]
max texture memory  [ 4194304 ] [ 4194304 ]
priority            [  Normal ] [  Normal ]

noclip              [     off ] [     off ]
nofill              [     off ] [     off ]
null tex. stripping [      on ] [      on ]
notjunc             [     off ] [     off ]
subdivide size      [     240 ] [     240 ] (Min 64) (Max 512)
max node size       [    1024 ] [    1024 ] (Min 64) (Max 4096)


BSP generation successful, writing portal file 'c:\documents and settings\sekys\plocha\prefabs\energy_portal.prt'
0.50 seconds elapsed

-----   END   hlbsp -----



hlvis v2.5.3 rel Custom Build 1.7 (Dec  9 2002)
Zoner's Half-Life Compilation Tools -- Custom Build
Based on code modifications by Sean 'Zoner' Cavanaugh
Based on Valve's version, modified with permission.
Submit detailed bug reports to (merlinis@bigpond.net.au)
-----  BEGIN  hlvis -----
Command line: C:\DOCUME~1\Sekys\Plocha\Cahe\HAMMER~1\hlvis.exe "c:\documents and settings\sekys\plocha\prefabs\energy_portal"
  49 portalleafs
 171 numportals

-= Current hlvis Settings =-
Name               |  Setting  |  Default
-------------------|-----------|-------------------------
threads             [       1 ] [  Varies ]
verbose             [     off ] [     off ]
log                 [      on ] [      on ]
developer           [       0 ] [       0 ]
chart               [     off ] [     off ]
estimate            [     off ] [     off ]
max texture memory  [ 4194304 ] [ 4194304 ]
max vis distance    [       0 ] [       0 ]
priority            [  Normal ] [  Normal ]

fast vis            [     off ] [     off ]
full vis            [     off ] [     off ]


BasePortalVis:
 (0.02 seconds)
LeafThread:
 (0.07 seconds)
average leafs visible: 22
g_visdatasize:431  compressed from 343
0.11 seconds elapsed

-----   END   hlvis -----



hlrad v2.5.3 rel Custom Build 1.7 (Dec  9 2002)
Zoner's Half-Life Compilation Tools -- Custom Build
Based on code modifications by Sean 'Zoner' Cavanaugh
Based on Valve's version, modified with permission.
Submit detailed bug reports to (merlinis@bigpond.net.au)
-----  BEGIN  hlrad -----
Command line: C:\DOCUME~1\Sekys\Plocha\Cahe\HAMMER~1\hlrad.exe "c:\documents and settings\sekys\plocha\prefabs\energy_portal"

-= Current hlrad Settings =-
Name                | Setting             | Default
--------------------|---------------------|-------------------------
threads              [                 1 ] [            Varies ]
verbose              [               off ] [               off ]
log                  [                on ] [                on ]
developer            [                 0 ] [                 0 ]
chart                [               off ] [               off ]
estimate             [               off ] [               off ]
max texture memory   [           4194304 ] [           4194304 ]
priority             [            Normal ] [            Normal ]

vismatrix algorithm  [          Original ] [          Original ]
oversampling (-extra)[               off ] [               off ]
bounces              [                 1 ] [                 1 ]
ambient light        [ 0.000 0.000 0.000 ] [ 0.000 0.000 0.000 ]
maximum light        [           255.000 ] [           256.000 ]
circus mode          [               off ] [               off ]

smoothing threshold  [            50.000 ] [            50.000 ]
direct threshold     [            25.000 ] [            25.000 ]
direct light scale   [             2.000 ] [             2.000 ]
coring threshold     [             1.000 ] [             1.000 ]
patch interpolation  [                on ] [                on ]

texscale             [                on ] [                on ]
patch subdividing    [                on ] [                on ]
chop value           [            64.000 ] [            64.000 ]
texchop value        [            32.000 ] [            32.000 ]

global fade          [             1.000 ] [             1.000 ]
global falloff       [                 2 ] [                 2 ]
global light scale   [ 1.000 1.000 1.000 ] [ 1.000 1.000 1.000 ]
global gamma         [ 0.500 0.500 0.500 ] [ 0.500 0.500 0.500 ]
global light scale   [             1.000 ] [             1.000 ]
global sky diffusion [             1.000 ] [             1.000 ]

opaque entities      [                on ] [                on ]
sky lighting fix     [                on ] [                on ]
incremental          [               off ] [               off ]
dump                 [               off ] [               off ]

colour jitter        [       0.0 0.0 0.0 ] [       0.0 0.0 0.0 ]
monochromatic jitter [       0.0 0.0 0.0 ] [       0.0 0.0 0.0 ]
softlight hack       [   0.0 0.0 0.0 0.0 ] [   0.0 0.0 0.0 0.0 ]
diffuse hack         [                on ] [                on ]
spotlight points     [                on ] [                on ]

custom shadows with bounce light
                     [               off ] [               off ]
rgb transfers        [               off ] [               off ]


145 faces
Create Patches : 528 base patches
0 opaque faces
7737 square feet [1114130.00 square inches]
12 direct lights

BuildFacelights:
 (1.01 seconds)
visibility matrix   :   0.0 megs
BuildVisLeafs:
 (0.21 seconds)
MakeScales:
 (0.12 seconds)
SwapTransfers:
 (0.04 seconds)
Transfer Lists :       63152 :   63.15k transfers
       Indices :       49444 :   48.29k bytes
          Data :      252608 :  246.69k bytes
GatherLight:
 (0.03 seconds)
FinalLightFace:
 (0.11 seconds)
1.67 seconds elapsed

-----   END   hlrad -----



