49
171
4 0 42 (128.000000 56.000000 336.000000) (184.000000 56.000000 336.000000) (184.000000 56.000000 468.000000) (128.000000 56.000000 468.000000) 
4 0 39 (144.000000 56.000000 488.000000) (128.000000 56.000000 488.000000) (128.000000 56.000000 468.000000) (144.000000 56.000000 468.000000) 
4 0 38 (184.000000 56.000000 468.000000) (184.000000 56.000000 488.000000) (168.000000 56.000000 488.000000) (168.000000 56.000000 468.000000) 
4 0 37 (184.000000 56.000000 488.000000) (184.000000 56.000000 491.156259) (128.000000 56.000000 491.156259) (128.000000 56.000000 488.000000) 
4 0 3 (184.000000 56.000000 336.000000) (320.000000 56.000000 336.000000) (320.000000 56.000000 491.156259) (184.000000 56.000000 491.156259) 
4 0 2 (320.000000 56.000000 491.156259) (320.000000 56.000000 577.999990) (128.000000 56.000000 577.999990) (128.000000 56.000000 491.156259) 
4 0 47 (-192.000000 56.000000 577.999990) (-192.000000 56.000000 336.000000) (128.000000 56.000000 336.000000) (128.000000 56.000000 577.999990) 
4 0 1 (-192.000000 56.000000 640.000000) (-192.000000 56.000000 577.999990) (320.000000 56.000000 577.999990) (320.000000 56.000000 640.000000) 
4 1 10 (184.000000 -192.000120 640.000000) (128.000000 -192.000120 640.000000) (128.000000 -128.000098 623.999995) (184.000000 -128.000098 623.999995) 
4 1 4 (128.000000 -55.999962 605.999961) (128.000000 -55.159949 605.789957) (184.000000 -55.159949 605.789957) (184.000000 -55.999962 605.999961) 
4 1 3 (320.000000 -55.159949 605.789957) (320.000000 -192.000120 640.000000) (184.000000 -192.000120 640.000000) (184.000000 -55.159949 605.789957) 
4 1 2 (128.000000 56.000000 577.999970) (320.000000 56.000000 577.999970) (320.000000 -55.159949 605.789957) (128.000000 -55.159949 605.789957) 
4 1 47 (-192.000000 56.000000 577.999970) (128.000000 56.000000 577.999970) (128.000000 -192.000120 640.000000) (-192.000000 -192.000120 640.000000) 
4 2 37 (128.000000 56.000000 491.156259) (184.000000 56.000000 491.156259) (184.000000 14.401625 534.054584) (128.000000 14.401625 534.054584) 
4 2 7 (184.000000 -2.326307 551.305263) (184.000000 -2.999996 552.000006) (128.000000 -2.999996 552.000006) (128.000000 -2.326307 551.305263) 
4 2 5 (184.000000 14.401625 534.054584) (184.000000 -2.326307 551.305263) (128.000000 -2.326307 551.305263) (128.000000 14.401625 534.054584) 
4 2 4 (184.000000 -34.999637 584.999636) (184.000000 -55.159975 605.789984) (128.000000 -55.159975 605.789984) (128.000000 -34.999637 584.999636) 
4 2 3 (184.000000 56.000000 491.156259) (320.000000 56.000000 491.156259) (320.000000 -55.159975 605.789984) (184.000000 -55.159975 605.789984) 
3 2 47 (128.000000 -55.159975 605.789984) (128.000000 56.000000 577.999990) (128.000000 56.000000 491.156259) 
4 3 48 (184.000000 -312.000000 336.000000) (320.000000 -312.000000 336.000000) (320.000000 -312.000000 640.000000) (184.000000 -312.000000 640.000000) 
4 3 46 (184.000000 12.833329 468.000000) (184.000000 28.000000 468.000000) (184.000000 28.000000 438.999997) (184.000000 -3.000006 407.999992) 
4 3 45 (184.000000 28.000000 336.000000) (184.000000 -38.306451 336.000000) (184.000000 -25.000000 385.999997) (184.000000 28.000000 438.999997) 
4 3 43 (184.000000 48.000000 336.000000) (184.000000 28.000000 336.000000) (184.000000 28.000000 468.000000) (184.000000 48.000000 468.000000) 
4 3 42 (184.000000 56.000000 468.000000) (184.000000 56.000000 336.000000) (184.000000 48.000000 336.000000) (184.000000 48.000000 468.000000) 
3 3 40 (184.000000 19.200000 468.000000) (184.000000 12.833329 468.000000) (184.000000 15.999998 480.000007) 
4 3 38 (184.000000 56.000000 488.000000) (184.000000 56.000000 468.000000) (184.000000 19.200000 468.000000) (184.000000 13.866667 488.000000) 
5 3 37 (184.000000 14.401625 534.054584) (184.000000 56.000000 491.156259) (184.000000 56.000000 488.000000) (184.000000 13.866667 488.000000) (184.000000 8.000001 509.999997) 
4 3 36 (184.000000 -56.000001 353.999989) (184.000000 -73.437492 336.000000) (184.000000 -95.840573 336.000000) (184.000000 -85.000004 346.999988) 
4 3 35 (184.000000 -127.999985 336.000000) (184.000000 -312.000000 336.000000) (184.000000 -312.000000 340.000000) (184.000000 -144.000024 340.000000) 
3 3 34 (184.000000 -144.000024 340.000000) (184.000000 -176.000063 340.000000) (184.000000 -160.000043 344.000005) 
3 3 33 (184.000000 -263.999999 509.999982) (184.000000 -270.526319 534.473679) (184.000000 -252.999995 552.000003) 
3 3 32 (184.000000 -191.775721 367.772464) (184.000000 -220.999955 374.999962) (184.000000 -192.000005 367.999998) 
3 3 31 (184.000000 -220.999955 374.999962) (184.000000 -230.545461 384.545468) (184.000000 -230.655179 384.956910) 
12 3 30 (184.000000 0.000004 480.000005) (184.000000 -17.091396 415.907253) (184.000000 -64.403816 367.899062) (184.000000 -128.000083 351.999995) (184.000000 -191.775721 367.772464) (184.000000 -238.792055 415.470192) (184.000000 -255.999992 479.999954) (184.000000 -238.970828 544.029608) (184.000000 -191.596184 592.100938) (184.000000 -128.000145 607.999948) (184.000000 -65.556869 592.556864) (184.000000 -16.999954 543.999851) 
3 3 29 (184.000000 -199.999983 353.999990) (184.000000 -224.000001 359.999994) (184.000000 -230.545461 384.545468) 
4 3 28 (184.000000 -160.000043 344.000005) (184.000000 -176.000063 340.000000) (184.000000 -218.666669 340.000000) (184.000000 -224.000001 359.999994) 
4 3 25 (184.000000 -284.000000 340.000000) (184.000000 -304.000000 340.000000) (184.000000 -304.000000 472.000000) (184.000000 -284.000000 472.000000) 
4 3 27 (184.000000 -304.000000 340.000000) (184.000000 -312.000000 340.000000) (184.000000 -312.000000 472.000000) (184.000000 -304.000000 472.000000) 
4 3 24 (184.000000 -284.000000 461.000000) (184.000000 -284.000000 472.000000) (184.000000 -269.904755 472.000000) (184.000000 -260.999992 437.999991) 
4 3 23 (184.000000 -284.000000 439.968757) (184.000000 -284.000000 461.000000) (184.000000 -261.000574 438.000574) (184.000000 -253.000021 408.000028) 
3 3 22 (184.000000 -261.000574 438.000574) (184.000000 -239.009241 416.009241) (184.000000 -238.893102 415.572704) 
4 3 21 (184.000000 -218.787231 340.000000) (184.000000 -284.000000 340.000000) (184.000000 -284.000000 439.968757) (184.000000 -230.782916 385.088639) 
3 3 19 (184.000000 -269.904755 472.000000) (184.000000 -274.133349 472.000000) (184.000000 -272.000004 480.000043) 
4 3 17 (184.000000 -312.000000 472.000000) (184.000000 -312.000000 492.000000) (184.000000 -268.800016 492.000000) (184.000000 -274.133349 472.000000) 
5 3 16 (184.000000 -312.000000 492.000000) (184.000000 -312.000000 492.999997) (184.000000 -270.526319 534.473679) (184.000000 -264.007605 509.971540) (184.000000 -268.800016 492.000000) 
4 3 15 (184.000000 -218.666669 340.000000) (184.000000 -218.787231 340.000000) (184.000000 -230.777368 385.082918) (184.000000 -230.655179 384.956910) 
3 3 14 (184.000000 -238.883861 415.563329) (184.000000 -263.997059 509.988955) (184.000000 -238.792055 415.470192) 
3 3 13 (184.000000 5.000061 521.999791) (184.000000 -65.318219 592.318213) (184.000000 -63.999997 592.000009) 
3 3 12 (184.000000 -34.999642 584.999640) (184.000000 -65.318219 592.318213) (184.000000 -65.556869 592.556864) 
4 3 11 (184.000000 -312.000000 492.999997) (184.000000 -312.000000 578.965546) (184.000000 -199.999912 606.000051) (184.000000 -230.998905 574.001093) 
5 3 10 (184.000000 -312.000000 640.000000) (184.000000 -192.000039 640.000000) (184.000000 -128.000058 624.000005) (184.000000 -170.999248 613.000212) (184.000000 -312.000000 578.965546) 
3 3 9 (184.000000 -84.999995 346.999998) (184.000000 -95.840573 336.000000) (184.000000 -127.999985 336.000000) 
3 3 8 (184.000000 8.000005 510.000014) (184.000000 -17.022097 415.977570) (184.000000 -17.091396 415.907253) 
3 3 7 (184.000000 -2.999996 552.000006) (184.000000 -2.326307 551.305263) (184.000000 5.000061 521.999791) 
3 3 6 (184.000000 -25.000003 385.999985) (184.000000 -38.306451 336.000000) (184.000000 -73.437492 336.000000) 
3 3 5 (184.000000 -2.326307 551.305263) (184.000000 14.401625 534.054584) (184.000000 8.000005 510.000014) 
3 3 4 (184.000000 -55.999989 605.999987) (184.000000 -55.159975 605.789984) (184.000000 -34.999642 584.999640) 
3 4 47 (128.000000 -55.999989 605.999987) (128.000000 -55.159975 605.789984) (128.000000 -34.999642 584.999640) 
4 5 37 (184.000000 14.401624 534.054584) (184.000000 8.000005 510.000015) (128.000000 8.000005 510.000015) (128.000000 14.401624 534.054584) 
4 5 7 (184.000000 5.000058 521.999802) (184.000000 -2.326307 551.305263) (128.000000 -2.326307 551.305263) (128.000000 5.000058 521.999802) 
3 5 47 (128.000000 -2.326307 551.305263) (128.000000 14.401625 534.054584) (128.000000 8.000005 510.000014) 
4 6 45 (184.000000 -25.000002 385.999987) (184.000000 -38.306450 336.000000) (128.000000 -38.306450 336.000000) (128.000000 -25.000002 385.999987) 
4 6 36 (184.000000 -73.437492 336.000000) (184.000000 -56.000001 353.999989) (128.000000 -56.000001 353.999989) (128.000000 -73.437492 336.000000) 
3 6 47 (128.000000 -25.000003 385.999985) (128.000000 -38.306451 336.000000) (128.000000 -73.437492 336.000000) 
3 7 47 (128.000000 -2.999996 552.000006) (128.000000 -2.326307 551.305263) (128.000000 5.000061 521.999791) 
4 8 30 (184.000000 -17.091395 415.907254) (184.000000 0.000004 480.000002) (128.000000 0.000004 480.000002) (128.000000 -17.091395 415.907254) 
3 8 47 (128.000000 8.000005 510.000014) (128.000000 -17.022097 415.977570) (128.000000 -17.091396 415.907253) 
4 9 36 (128.000000 -95.840567 336.000000) (128.000000 -84.999988 346.999999) (184.000000 -84.999988 346.999999) (184.000000 -95.840567 336.000000) 
3 9 47 (128.000000 -84.999995 346.999998) (128.000000 -95.840573 336.000000) (128.000000 -127.999985 336.000000) 
4 10 48 (184.000000 -312.000000 578.965546) (184.000000 -312.000000 640.000000) (128.000000 -312.000000 640.000000) (128.000000 -312.000000 578.965546) 
4 10 11 (184.000000 -312.000000 578.965534) (128.000000 -312.000000 578.965534) (128.000000 -199.999927 606.000036) (184.000000 -199.999927 606.000036) 
5 10 47 (128.000000 -312.000000 640.000000) (128.000000 -192.000039 640.000000) (128.000000 -128.000058 624.000005) (128.000000 -170.999248 613.000212) (128.000000 -312.000000 578.965546) 
4 11 48 (184.000000 -312.000000 492.999997) (184.000000 -312.000000 578.965546) (128.000000 -312.000000 578.965546) (128.000000 -312.000000 492.999997) 
4 11 33 (128.000000 -270.526315 534.473664) (128.000000 -253.000001 551.999979) (184.000000 -253.000001 551.999979) (184.000000 -270.526315 534.473664) 
4 11 16 (128.000000 -312.000000 492.999976) (128.000000 -270.526315 534.473664) (184.000000 -270.526315 534.473664) (184.000000 -312.000000 492.999976) 
4 11 47 (128.000000 -312.000000 492.999997) (128.000000 -312.000000 578.965546) (128.000000 -199.999912 606.000051) (128.000000 -230.998905 574.001093) 
4 12 30 (184.000000 -65.318212 592.318212) (184.000000 -65.557111 592.557110) (128.000000 -65.557111 592.557110) (128.000000 -65.318212 592.318212) 
4 12 13 (128.000000 -65.318204 592.318199) (128.000000 -64.000000 592.000012) (184.000000 -64.000000 592.000012) (184.000000 -65.318204 592.318199) 
3 12 47 (128.000000 -34.999642 584.999640) (128.000000 -65.318219 592.318213) (128.000000 -65.556869 592.556864) 
4 13 30 (184.000000 -16.999990 543.999986) (184.000000 -65.318212 592.318212) (128.000000 -65.318212 592.318212) (128.000000 -16.999990 543.999986) 
3 13 47 (128.000000 5.000061 521.999791) (128.000000 -65.318219 592.318213) (128.000000 -63.999997 592.000009) 
4 14 30 (128.000000 -238.792044 415.470181) (128.000000 -255.999987 479.999970) (184.000000 -255.999987 479.999970) (184.000000 -238.792044 415.470181) 
4 14 22 (128.000000 -239.000014 416.000014) (128.000000 -238.883879 415.563348) (184.000000 -238.883879 415.563348) (184.000000 -239.000014 416.000014) 
3 14 47 (128.000000 -238.883861 415.563329) (128.000000 -263.997059 509.988955) (128.000000 -238.792055 415.470192) 
4 15 35 (128.000000 -218.787231 340.000000) (128.000000 -218.666669 340.000000) (184.000000 -218.666669 340.000000) (184.000000 -218.787231 340.000000) 
4 15 31 (128.000000 -230.545451 384.545458) (128.000000 -230.655169 384.956899) (184.000000 -230.655169 384.956899) (184.000000 -230.545451 384.545458) 
4 15 29 (128.000000 -223.999993 359.999992) (128.000000 -230.545451 384.545458) (184.000000 -230.545451 384.545458) (184.000000 -223.999993 359.999992) 
4 15 28 (184.000000 -218.666662 340.000000) (128.000000 -218.666662 340.000000) (128.000000 -223.999993 359.999992) (184.000000 -223.999993 359.999992) 
4 15 21 (128.000000 -230.777387 385.082937) (128.000000 -218.787243 340.000000) (184.000000 -218.787243 340.000000) (184.000000 -230.777387 385.082937) 
4 15 47 (128.000000 -218.666669 340.000000) (128.000000 -218.787231 340.000000) (128.000000 -230.777368 385.082918) (128.000000 -230.655179 384.956910) 
4 16 48 (184.000000 -312.000000 492.000000) (184.000000 -312.000000 492.999997) (128.000000 -312.000000 492.999997) (128.000000 -312.000000 492.000000) 
4 16 33 (128.000000 -264.000398 510.001510) (128.000000 -270.526312 534.473686) (184.000000 -270.526312 534.473686) (184.000000 -264.000398 510.001510) 
4 16 18 (144.000000 -312.000000 492.000000) (128.000000 -312.000000 492.000000) (128.000000 -268.800016 492.000000) (144.000000 -268.800016 492.000000) 
4 16 17 (184.000000 -312.000000 492.000000) (168.000000 -312.000000 492.000000) (168.000000 -268.800016 492.000000) (184.000000 -268.800016 492.000000) 
5 16 47 (128.000000 -312.000000 492.000000) (128.000000 -312.000000 492.999997) (128.000000 -270.526319 534.473679) (128.000000 -264.007605 509.971540) (128.000000 -268.800016 492.000000) 
4 17 48 (184.000000 -312.000000 472.000000) (184.000000 -312.000000 492.000000) (168.000000 -312.000000 492.000000) (168.000000 -312.000000 472.000000) 
4 17 25 (168.000000 -304.000000 472.000000) (168.000000 -284.000000 472.000000) (184.000000 -284.000000 472.000000) (184.000000 -304.000000 472.000000) 
4 17 27 (184.000000 -312.000000 472.000000) (168.000000 -312.000000 472.000000) (168.000000 -304.000000 472.000000) (184.000000 -304.000000 472.000000) 
4 17 24 (168.000000 -284.000000 472.000000) (168.000000 -274.133349 472.000000) (184.000000 -274.133349 472.000000) (184.000000 -284.000000 472.000000) 
4 17 19 (184.000000 -272.000000 480.000026) (184.000000 -274.133340 472.000000) (168.000000 -274.133340 472.000000) (168.000000 -272.000000 480.000026) 
4 18 48 (144.000000 -312.000000 492.000000) (128.000000 -312.000000 492.000000) (128.000000 -312.000000 472.000000) (144.000000 -312.000000 472.000000) 
4 18 26 (128.000000 -304.000000 472.000000) (128.000000 -284.000000 472.000000) (144.000000 -284.000000 472.000000) (144.000000 -304.000000 472.000000) 
4 18 27 (144.000000 -312.000000 472.000000) (128.000000 -312.000000 472.000000) (128.000000 -304.000000 472.000000) (144.000000 -304.000000 472.000000) 
4 18 24 (128.000000 -284.000000 472.000000) (128.000000 -274.133349 472.000000) (144.000000 -274.133349 472.000000) (144.000000 -284.000000 472.000000) 
4 18 20 (144.000000 -274.133340 472.000000) (128.000000 -274.133340 472.000000) (128.000000 -272.000000 480.000026) (144.000000 -272.000000 480.000026) 
4 18 47 (128.000000 -312.000000 472.000000) (128.000000 -312.000000 492.000000) (128.000000 -268.800016 492.000000) (128.000000 -274.133349 472.000000) 
4 19 24 (184.000000 -269.904755 472.000000) (184.000000 -274.133349 472.000000) (168.000000 -274.133349 472.000000) (168.000000 -269.904755 472.000000) 
4 20 24 (128.000000 -274.133349 472.000000) (128.000000 -269.904755 472.000000) (144.000000 -269.904755 472.000000) (144.000000 -274.133349 472.000000) 
3 20 47 (128.000000 -269.904755 472.000000) (128.000000 -274.133349 472.000000) (128.000000 -272.000004 480.000043) 
4 21 35 (128.000000 -284.000000 340.000000) (128.000000 -218.787231 340.000000) (184.000000 -218.787231 340.000000) (184.000000 -284.000000 340.000000) 
4 21 26 (144.000000 -284.000000 439.968757) (128.000000 -284.000000 439.968757) (128.000000 -284.000000 340.000000) (144.000000 -284.000000 411.999986) 
4 21 25 (184.000000 -284.000000 340.000000) (184.000000 -284.000000 439.968757) (168.000000 -284.000000 439.968757) (168.000000 -284.000000 411.999979) 
4 21 23 (128.000000 -253.000021 408.000030) (128.000000 -284.000000 439.968758) (184.000000 -284.000000 439.968758) (184.000000 -253.000021 408.000030) 
4 21 47 (128.000000 -218.787231 340.000000) (128.000000 -284.000000 340.000000) (128.000000 -284.000000 439.968757) (128.000000 -230.782916 385.088639) 
3 22 47 (128.000000 -261.000574 438.000574) (128.000000 -239.009241 416.009241) (128.000000 -238.893102 415.572704) 
4 23 26 (144.000000 -284.000000 461.000000) (128.000000 -284.000000 461.000000) (128.000000 -284.000000 439.968757) (144.000000 -284.000000 439.968757) 
4 23 25 (184.000000 -284.000000 439.968757) (184.000000 -284.000000 461.000000) (168.000000 -284.000000 461.000000) (168.000000 -284.000000 439.968757) 
4 23 24 (184.000000 -284.000000 461.000019) (184.000000 -261.001807 438.001825) (128.000000 -261.001807 438.001825) (128.000000 -284.000000 461.000019) 
4 23 47 (128.000000 -284.000000 439.968757) (128.000000 -284.000000 461.000000) (128.000000 -261.000574 438.000574) (128.000000 -253.000021 408.000028) 
4 24 26 (144.000000 -284.000000 472.000000) (128.000000 -284.000000 472.000000) (128.000000 -284.000000 461.000000) (144.000000 -284.000000 461.000000) 
4 24 25 (184.000000 -284.000000 461.000000) (184.000000 -284.000000 472.000000) (168.000000 -284.000000 472.000000) (168.000000 -284.000000 461.000000) 
4 24 47 (128.000000 -284.000000 461.000000) (128.000000 -284.000000 472.000000) (128.000000 -269.904755 472.000000) (128.000000 -260.999992 437.999991) 
4 25 27 (184.000000 -304.000000 340.000000) (184.000000 -304.000000 472.000000) (168.000000 -304.000000 472.000000) (168.000000 -304.000000 411.999979) 
4 26 27 (128.000000 -304.000000 472.000000) (128.000000 -304.000000 340.000000) (144.000000 -304.000000 411.999986) (144.000000 -304.000000 472.000000) 
4 26 47 (128.000000 -284.000000 340.000000) (128.000000 -304.000000 340.000000) (128.000000 -304.000000 472.000000) (128.000000 -284.000000 472.000000) 
4 27 48 (184.000000 -312.000000 340.000000) (184.000000 -312.000000 472.000000) (128.000000 -312.000000 472.000000) (128.000000 -312.000000 340.000000) 
4 27 35 (184.000000 -312.000000 340.000000) (128.000000 -312.000000 340.000000) (128.000000 -304.000000 340.000000) (184.000000 -304.000000 340.000000) 
4 27 47 (128.000000 -304.000000 340.000000) (128.000000 -312.000000 340.000000) (128.000000 -312.000000 472.000000) (128.000000 -304.000000 472.000000) 
4 28 35 (128.000000 -218.666669 340.000000) (128.000000 -176.000063 340.000000) (184.000000 -176.000063 340.000000) (184.000000 -218.666669 340.000000) 
4 28 34 (128.000000 -176.000011 340.000000) (128.000000 -160.000017 343.999998) (184.000000 -160.000017 343.999998) (184.000000 -176.000011 340.000000) 
4 28 29 (128.000000 -199.999969 353.999976) (128.000000 -223.999999 359.999983) (184.000000 -223.999999 359.999983) (184.000000 -199.999969 353.999976) 
4 28 47 (128.000000 -160.000043 344.000005) (128.000000 -176.000063 340.000000) (128.000000 -218.666669 340.000000) (128.000000 -224.000001 359.999994) 
4 29 31 (128.000000 -220.999935 374.999957) (128.000000 -230.545467 384.545490) (184.000000 -230.545467 384.545490) (184.000000 -220.999935 374.999957) 
3 29 47 (128.000000 -199.999983 353.999990) (128.000000 -224.000001 359.999994) (128.000000 -230.545461 384.545468) 
4 30 32 (184.000000 -191.775703 367.772459) (184.000000 -191.999987 367.999994) (128.000000 -191.999987 367.999994) (128.000000 -191.775703 367.772459) 
12 30 47 (128.000000 0.000004 480.000005) (128.000000 -17.091396 415.907253) (128.000000 -64.403816 367.899062) (128.000000 -128.000083 351.999995) (128.000000 -191.775721 367.772464) (128.000000 -238.792055 415.470192) (128.000000 -255.999992 479.999954) (128.000000 -238.970828 544.029608) (128.000000 -191.596184 592.100938) (128.000000 -128.000145 607.999948) (128.000000 -65.556869 592.556864) (128.000000 -16.999954 543.999851) 
3 31 47 (128.000000 -220.999955 374.999962) (128.000000 -230.545461 384.545468) (128.000000 -230.655179 384.956910) 
3 32 47 (128.000000 -191.775721 367.772464) (128.000000 -220.999955 374.999962) (128.000000 -192.000005 367.999998) 
3 33 47 (128.000000 -263.999999 509.999982) (128.000000 -270.526319 534.473679) (128.000000 -252.999995 552.000003) 
4 34 35 (128.000000 -176.000063 340.000000) (128.000000 -144.000024 340.000000) (184.000000 -144.000024 340.000000) (184.000000 -176.000063 340.000000) 
3 34 47 (128.000000 -144.000024 340.000000) (128.000000 -176.000063 340.000000) (128.000000 -160.000043 344.000005) 
4 35 48 (128.000000 -312.000000 336.000000) (184.000000 -312.000000 336.000000) (184.000000 -312.000000 340.000000) (128.000000 -312.000000 340.000000) 
4 35 47 (128.000000 -127.999985 336.000000) (128.000000 -312.000000 336.000000) (128.000000 -312.000000 340.000000) (128.000000 -144.000024 340.000000) 
4 36 47 (128.000000 -56.000001 353.999989) (128.000000 -73.437492 336.000000) (128.000000 -95.840573 336.000000) (128.000000 -85.000004 346.999988) 
4 37 39 (128.000000 13.866667 488.000000) (128.000000 56.000000 488.000000) (144.000000 56.000000 488.000000) (144.000000 13.866667 488.000000) 
4 37 38 (168.000000 56.000000 488.000000) (184.000000 56.000000 488.000000) (184.000000 13.866667 488.000000) (168.000000 13.866667 488.000000) 
5 37 47 (128.000000 14.401625 534.054584) (128.000000 56.000000 491.156259) (128.000000 56.000000 488.000000) (128.000000 13.866667 488.000000) (128.000000 8.000001 509.999997) 
4 38 46 (184.000000 28.000000 468.000000) (184.000000 19.200000 468.000000) (168.000000 19.200000 468.000000) (168.000000 28.000000 468.000000) 
4 38 43 (184.000000 48.000000 468.000000) (184.000000 28.000000 468.000000) (168.000000 28.000000 468.000000) (168.000000 48.000000 468.000000) 
4 38 42 (168.000000 56.000000 468.000000) (184.000000 56.000000 468.000000) (184.000000 48.000000 468.000000) (168.000000 48.000000 468.000000) 
4 38 40 (168.000000 19.199999 468.000000) (184.000000 19.199999 468.000000) (184.000000 15.999998 480.000006) (168.000000 15.999998 480.000006) 
4 39 46 (128.000000 19.200000 468.000000) (128.000000 28.000000 468.000000) (144.000000 28.000000 468.000000) (144.000000 19.200000 468.000000) 
4 39 44 (128.000000 28.000000 468.000000) (128.000000 48.000000 468.000000) (144.000000 48.000000 468.000000) (144.000000 28.000000 468.000000) 
4 39 42 (128.000000 48.000000 468.000000) (128.000000 56.000000 468.000000) (144.000000 56.000000 468.000000) (144.000000 48.000000 468.000000) 
4 39 41 (128.000000 15.999998 480.000006) (128.000000 19.199999 468.000000) (144.000000 19.199999 468.000000) (144.000000 15.999998 480.000006) 
4 39 47 (128.000000 56.000000 488.000000) (128.000000 56.000000 468.000000) (128.000000 19.200000 468.000000) (128.000000 13.866667 488.000000) 
4 40 46 (168.000000 12.833329 468.000000) (168.000000 19.200000 468.000000) (184.000000 19.200000 468.000000) (184.000000 12.833329 468.000000) 
4 41 46 (128.000000 12.833329 468.000000) (128.000000 19.200000 468.000000) (144.000000 19.200000 468.000000) (144.000000 12.833329 468.000000) 
3 41 47 (128.000000 19.200000 468.000000) (128.000000 12.833329 468.000000) (128.000000 15.999998 480.000007) 
4 42 44 (128.000000 48.000000 468.000000) (128.000000 48.000000 336.000000) (144.000000 48.000000 407.999987) (144.000000 48.000000 468.000000) 
4 42 43 (184.000000 48.000000 336.000000) (184.000000 48.000000 468.000000) (168.000000 48.000000 468.000000) (168.000000 48.000000 407.999981) 
4 42 47 (128.000000 56.000000 468.000000) (128.000000 56.000000 336.000000) (128.000000 48.000000 336.000000) (128.000000 48.000000 468.000000) 
4 43 46 (184.000000 28.000000 438.999997) (184.000000 28.000000 468.000000) (168.000000 28.000000 468.000000) (168.000000 28.000000 438.999997) 
4 43 45 (184.000000 28.000000 336.000000) (184.000000 28.000000 438.999997) (168.000000 28.000000 438.999997) (168.000000 28.000000 407.999981) 
4 44 46 (144.000000 28.000000 468.000000) (128.000000 28.000000 468.000000) (128.000000 28.000000 438.999997) (144.000000 28.000000 438.999997) 
4 44 45 (128.000000 28.000000 438.999997) (128.000000 28.000000 336.000000) (144.000000 28.000000 407.999987) (144.000000 28.000000 438.999997) 
4 44 47 (128.000000 48.000000 336.000000) (128.000000 28.000000 336.000000) (128.000000 28.000000 468.000000) (128.000000 48.000000 468.000000) 
4 45 46 (184.000000 -3.000006 407.999991) (184.000000 28.000000 438.999999) (128.000000 28.000000 438.999999) (128.000000 -3.000006 407.999991) 
4 45 47 (128.000000 28.000000 336.000000) (128.000000 -38.306451 336.000000) (128.000000 -25.000000 385.999997) (128.000000 28.000000 438.999997) 
4 46 47 (128.000000 12.833329 468.000000) (128.000000 28.000000 468.000000) (128.000000 28.000000 438.999997) (128.000000 -3.000006 407.999992) 
4 47 48 (-192.000000 -312.000000 640.000000) (-192.000000 -312.000000 336.000000) (128.000000 -312.000000 336.000000) (128.000000 -312.000000 640.000000) 
